\BOOKMARK [0][]{chapter*.1}{\376\377\000C\000o\000n\000t\000e\000n\000t\000s}{}% 1
\BOOKMARK [0][]{chapter*.2}{\376\377\000R\000e\000m\000e\000r\000c\000i\000e\000m\000e\000n\000t\000s}{}% 2
\BOOKMARK [-1][]{part.1}{\376\377\000I\000\040\000T\000h\000e\000o\000r\000y\000\040\000o\000f\000\040\000M\000i\000c\000r\000o\000c\000a\000v\000i\000t\000y\000\040\000E\000x\000c\000i\000t\000o\000n\000\040\000P\000o\000l\000a\000r\000i\000t\000o\000n\000s}{}% 3
\BOOKMARK [0][]{chapter.1}{\376\377\0001\000\040\000M\000i\000c\000r\000o\000c\000a\000v\000i\000t\000y\000\040\000E\000x\000c\000i\000t\000o\000n\000\040\000P\000o\000l\000a\000r\000i\000t\000o\000n\000s}{part.1}% 4
\BOOKMARK [1][]{section.1.1}{\376\377\0001\000.\0001\000\040\000M\000i\000c\000r\000o\000c\000a\000v\000i\000t\000y\000\040\000P\000h\000o\000t\000o\000n\000s}{chapter.1}% 5
\BOOKMARK [1][]{section.1.2}{\376\377\0001\000.\0002\000\040\000E\000x\000c\000i\000t\000o\000n\000s\000\040\000i\000n\000\040\000S\000e\000m\000i\000c\000o\000n\000d\000u\000c\000t\000o\000r\000s}{chapter.1}% 6
\BOOKMARK [2][-]{subsection.1.2.1}{\376\377\0001\000.\0002\000.\0001\000\040\000B\000a\000n\000d\000\040\000t\000h\000e\000o\000r\000y\000\040\000i\000n\000\040\000b\000r\000i\000e\000f}{section.1.2}% 7
\BOOKMARK [2][-]{subsection.1.2.2}{\376\377\0001\000.\0002\000.\0002\000\040\000B\000a\000n\000d\000\040\000s\000t\000r\000u\000c\000t\000u\000r\000e\000\040\000o\000f\000\040\000s\000e\000m\000i\000c\000o\000n\000d\000u\000c\000t\000o\000r\000s}{section.1.2}% 8
\BOOKMARK [2][-]{subsection.1.2.3}{\376\377\0001\000.\0002\000.\0003\000\040\000E\000x\000c\000i\000t\000o\000n\000\040\000p\000h\000e\000n\000o\000m\000e\000n\000o\000l\000o\000g\000i\000c\000a\000l\000\040\000a\000p\000p\000r\000o\000a\000c\000h}{section.1.2}% 9
\BOOKMARK [2][-]{subsection.1.2.4}{\376\377\0001\000.\0002\000.\0004\000\040\000E\000l\000e\000c\000t\000r\000o\000n\000-\000h\000o\000l\000e\000\040\000i\000n\000t\000e\000r\000a\000c\000t\000i\000o\000n\000s\000\040\000a\000n\000d\000\040\000e\000x\000c\000i\000t\000o\000n\000\040\000f\000o\000r\000m\000a\000t\000i\000o\000n}{section.1.2}% 10
\BOOKMARK [3][-]{subsubsection.1.2.4.1}{\376\377\0001\000.\0002\000.\0004\000.\0001\000\040\000E\000l\000e\000c\000t\000r\000o\000n\000\040\000s\000c\000a\000t\000t\000e\000r\000i\000n\000g\000\040\000i\000n\000\040\000s\000e\000m\000i\000c\000o\000n\000d\000u\000c\000t\000o\000r\000s}{subsection.1.2.4}% 11
\BOOKMARK [3][-]{subsubsection.1.2.4.2}{\376\377\0001\000.\0002\000.\0004\000.\0002\000\040\000F\000r\000o\000m\000\040\000t\000h\000e\000\040\000c\000o\000n\000d\000u\000c\000t\000i\000o\000n\000-\000v\000a\000l\000e\000n\000c\000e\000\040\000e\000l\000e\000c\000t\000r\000o\000n\000s\000\040\000t\000o\000\040\000e\000l\000e\000c\000t\000r\000o\000n\000-\000h\000o\000l\000e\000\040\000p\000i\000c\000t\000u\000r\000e}{subsection.1.2.4}% 12
\BOOKMARK [3][-]{subsubsection.1.2.4.3}{\376\377\0001\000.\0002\000.\0004\000.\0003\000\040\000T\000h\000e\000\040\000e\000l\000e\000c\000t\000r\000o\000n\000-\000h\000o\000l\000e\000\040\000h\000a\000m\000i\000l\000t\000o\000n\000i\000a\000n}{subsection.1.2.4}% 13
\BOOKMARK [2][-]{subsection.1.2.5}{\376\377\0001\000.\0002\000.\0005\000\040\000E\000x\000c\000i\000t\000o\000n\000-\000p\000h\000o\000t\000o\000n\000\040\000i\000n\000t\000e\000r\000a\000c\000t\000i\000o\000n\000\040\000i\000n\000\040\000b\000u\000l\000k\000\040\000s\000e\000m\000i\000c\000o\000n\000d\000u\000c\000t\000o\000r\000:}{section.1.2}% 14
\BOOKMARK [2][-]{subsection.1.2.6}{\376\377\0001\000.\0002\000.\0006\000\040\000E\000x\000c\000i\000t\000o\000n\000\040\000i\000n\000\040\0002\000D\000\040\000q\000u\000a\000n\000t\000u\000m\000\040\000w\000e\000l\000l}{section.1.2}% 15
\BOOKMARK [2][-]{subsection.1.2.7}{\376\377\0001\000.\0002\000.\0007\000\040\000E\000x\000c\000i\000t\000o\000n\000-\000e\000x\000c\000i\000t\000o\000n\000\040\000i\000n\000t\000e\000r\000a\000c\000t\000i\000o\000n}{section.1.2}% 16
\BOOKMARK [3][-]{subsubsection.1.2.7.1}{\376\377\0001\000.\0002\000.\0007\000.\0001\000\040\000C\000o\000u\000l\000o\000m\000b\000\040\000i\000n\000t\000e\000r\000a\000c\000t\000i\000o\000n}{subsection.1.2.7}% 17
\BOOKMARK [3][-]{subsubsection.1.2.7.2}{\376\377\0001\000.\0002\000.\0007\000.\0002\000\040\000F\000e\000r\000m\000i\000o\000n\000i\000c\000\040\000e\000x\000c\000h\000a\000n\000g\000e\000\040\000i\000n\000t\000e\000r\000a\000c\000t\000i\000o\000n}{subsection.1.2.7}% 18
\BOOKMARK [1][]{section.1.3}{\376\377\0001\000.\0003\000\040\000E\000x\000c\000i\000t\000o\000n\000s\000-\000p\000o\000l\000a\000r\000i\000t\000o\000n\000s}{chapter.1}% 19
\BOOKMARK [2][-]{subsection.1.3.1}{\376\377\0001\000.\0003\000.\0001\000\040\000P\000o\000l\000a\000r\000i\000t\000o\000n\000\040\000i\000n\000t\000e\000r\000a\000c\000t\000i\000o\000n\000s}{section.1.3}% 20
\BOOKMARK [1][]{section.1.4}{\376\377\0001\000.\0004\000\040\000P\000o\000l\000a\000r\000i\000t\000o\000n\000\040\000d\000y\000n\000a\000m\000i\000c\000s}{chapter.1}% 21
\BOOKMARK [2][-]{subsection.1.4.1}{\376\377\0001\000.\0004\000.\0001\000\040\000M\000e\000a\000n\000\040\000f\000i\000e\000l\000d\000\040\000a\000p\000p\000r\000o\000x\000i\000m\000a\000t\000i\000o\000n}{section.1.4}% 22
\BOOKMARK [2][-]{subsection.1.4.2}{\376\377\0001\000.\0004\000.\0002\000\040\000D\000r\000i\000v\000e\000n\000\040\000d\000i\000s\000s\000i\000p\000a\000t\000i\000v\000e\000\040\000G\000r\000o\000s\000s\000-\000P\000i\000t\000a\000e\000v\000s\000k\000i\000i\000\040\000E\000q\000u\000a\000t\000i\000o\000n\000.}{section.1.4}% 23
\BOOKMARK [2][-]{subsection.1.4.3}{\376\377\0001\000.\0004\000.\0003\000\040\000E\000x\000c\000i\000t\000a\000t\000i\000o\000n\000\040\000s\000c\000h\000e\000m\000e}{section.1.4}% 24
\BOOKMARK [3][-]{subsubsection.1.4.3.1}{\376\377\0001\000.\0004\000.\0003\000.\0001\000\040\000O\000f\000f\000\040\000r\000e\000s\000o\000n\000a\000n\000c\000e\000\040\000e\000x\000c\000i\000t\000a\000t\000i\000o\000n}{subsection.1.4.3}% 25
\BOOKMARK [3][-]{subsubsection.1.4.3.2}{\376\377\0001\000.\0004\000.\0003\000.\0002\000\040\000R\000e\000s\000o\000n\000a\000n\000t\000\040\000e\000x\000c\000i\000t\000a\000t\000i\000o\000n\000.}{subsection.1.4.3}% 26
\BOOKMARK [0][]{chapter.2}{\376\377\0002\000\040\000O\000p\000t\000i\000c\000a\000l\000\040\000g\000e\000n\000e\000r\000a\000t\000i\000o\000n\000\040\000a\000n\000d\000\040\000s\000p\000e\000c\000t\000r\000o\000s\000c\000o\000p\000y\000\040\000o\000f\000\040\000a\000r\000b\000i\000t\000r\000a\000r\000y\000\040\000a\000c\000o\000u\000s\000t\000i\000c\000\040\000h\000o\000r\000i\000z\000o\000n\000s}{part.1}% 27
\BOOKMARK [1][]{section.2.1}{\376\377\0002\000.\0001\000\040\000O\000p\000t\000i\000c\000a\000l\000\040\000g\000e\000n\000e\000r\000a\000t\000i\000o\000n\000\040\000o\000f\000\040\000a\000r\000b\000i\000t\000r\000a\000r\000y\000\040\000f\000l\000u\000i\000d\000\040\000v\000e\000l\000o\000c\000i\000t\000y\000\040\000f\000i\000e\000l\000d}{chapter.2}% 28
\BOOKMARK [2][-]{subsection.2.1.1}{\376\377\0002\000.\0001\000.\0001\000\040\000W\000a\000t\000e\000r\000f\000a\000l\000l\000\040\000c\000o\000n\000f\000i\000g\000u\000r\000a\000t\000i\000o\000n}{section.2.1}% 29
\BOOKMARK [2][-]{subsection.2.1.2}{\376\377\0002\000.\0001\000.\0002\000\040\000T\000a\000r\000g\000e\000t\000\040\000v\000e\000l\000o\000c\000i\000t\000y\000\040\000p\000r\000o\000f\000i\000l\000e}{section.2.1}% 30
\BOOKMARK [2][-]{subsection.2.1.3}{\376\377\0002\000.\0001\000.\0003\000\040\000E\000f\000f\000e\000c\000t\000i\000v\000e\000\040\0001\000D\000\040\000f\000l\000u\000i\000d}{section.2.1}% 31
\BOOKMARK [1][]{section.2.2}{\376\377\0002\000.\0002\000\040\000E\000x\000p\000e\000r\000i\000m\000e\000n\000t\000a\000l\000\040\000s\000p\000e\000c\000t\000r\000o\000s\000c\000o\000p\000y\000\040\000o\000f\000\040\000t\000h\000e\000\040\000c\000o\000l\000l\000e\000c\000t\000i\000v\000e\000\040\000e\000x\000c\000i\000t\000a\000t\000i\000o\000n\000\040\000s\000p\000e\000c\000t\000r\000u\000m}{chapter.2}% 32
\BOOKMARK [2][-]{subsection.2.2.1}{\376\377\0002\000.\0002\000.\0001\000\040\000H\000i\000g\000h\000\040\000r\000e\000s\000o\000l\000u\000t\000i\000o\000n\000\040\000p\000u\000m\000p\000-\000p\000r\000o\000b\000e\000\040\000s\000p\000e\000c\000t\000r\000o\000s\000c\000o\000p\000y\000\040\000m\000e\000t\000h\000o\000d}{section.2.2}% 33
\BOOKMARK [1][]{section.2.3}{\376\377\0002\000.\0003\000\040\000E\000x\000p\000e\000r\000i\000m\000e\000n\000t\000a\000l\000\040\000s\000e\000t\000u\000p}{chapter.2}% 34
\BOOKMARK [1][]{section.2.4}{\376\377\0002\000.\0004\000\040\000E\000x\000p\000e\000r\000i\000m\000e\000n\000t\000a\000l\000\040\000r\000e\000s\000u\000l\000t\000s}{chapter.2}% 35
\BOOKMARK [2][-]{subsection.2.4.1}{\376\377\0002\000.\0004\000.\0001\000\040\000H\000o\000m\000o\000g\000e\000n\000e\000o\000u\000s\000\040\000f\000l\000u\000i\000d}{section.2.4}% 36
\BOOKMARK [2][-]{subsection.2.4.2}{\376\377\0002\000.\0004\000.\0002\000\040\000S\000m\000o\000o\000t\000h\000\040\000t\000r\000a\000n\000s\000i\000t\000i\000o\000n\000\040\000g\000e\000o\000m\000e\000t\000r\000y}{section.2.4}% 37
\BOOKMARK [3][-]{subsubsection.2.4.2.1}{\376\377\0002\000.\0004\000.\0002\000.\0001\000\040\000S\000p\000e\000e\000d\000\040\000o\000f\000\040\000s\000o\000u\000n\000d\000\040\000m\000e\000a\000s\000u\000r\000e\000m\000e\000n\000t}{subsection.2.4.2}% 38
\BOOKMARK [3][-]{subsubsection.2.4.2.2}{\376\377\0002\000.\0004\000.\0002\000.\0002\000\040\000C\000r\000i\000t\000i\000c\000a\000l\000\040\000v\000e\000l\000o\000c\000i\000t\000y}{subsection.2.4.2}% 39
\BOOKMARK [3][-]{subsubsection.2.4.2.3}{\376\377\0002\000.\0004\000.\0002\000.\0003\000\040\000P\000a\000i\000r\000e\000d\000\040\000e\000m\000i\000s\000s\000i\000o\000n\000\040\000f\000r\000e\000q\000u\000e\000n\000c\000y\000\040\000r\000a\000n\000g\000e}{subsection.2.4.2}% 40
\BOOKMARK [2][-]{subsection.2.4.3}{\376\377\0002\000.\0004\000.\0003\000\040\000S\000t\000e\000e\000p\000\040\000h\000o\000r\000i\000z\000o\000n\000\040\000g\000e\000o\000m\000e\000t\000r\000y}{section.2.4}% 41
\BOOKMARK [2][-]{subsection.2.4.4}{\376\377\0002\000.\0004\000.\0004\000\040\000Q\000u\000a\000s\000i\000-\000n\000o\000r\000m\000a\000l\000\040\000m\000o\000d\000e\000\040\000c\000o\000n\000f\000i\000g\000u\000r\000a\000t\000i\000o\000n}{section.2.4}% 42
\BOOKMARK [1][]{section.2.5}{\376\377\0002\000.\0005\000\040\000C\000o\000n\000c\000l\000u\000s\000i\000o\000n}{chapter.2}% 43
\BOOKMARK [2][-]{subsection.2.5.1}{\376\377\0002\000.\0005\000.\0001\000\040\000O\000u\000t\000l\000o\000o\000k}{section.2.5}% 44
\BOOKMARK [0][]{chapter.3}{\376\377\0003\000\040\000B\000o\000g\000o\000l\000i\000u\000b\000o\000v\000\040\000m\000o\000d\000e\000s\000\040\000c\000o\000r\000r\000e\000l\000a\000t\000i\000o\000n\000s\000\040\000i\000n\000\040\000p\000o\000l\000a\000r\000i\000t\000o\000n\000\040\000q\000u\000a\000n\000t\000u\000m\000\040\000f\000l\000u\000i\000d}{part.1}% 45
\BOOKMARK [-1][]{section*.30}{\376\377\000A\000p\000p\000e\000n\000d\000i\000c\000e\000s}{}% 46
\BOOKMARK [0][]{appendix.A}{\376\377\000A\000\040\000M\000e\000a\000n\000\040\000f\000i\000e\000l\000d\000\040\000s\000h\000a\000p\000i\000n\000g\000\040\000a\000n\000d\000\040\000m\000o\000n\000i\000t\000o\000r\000i\000n\000g}{section*.30}% 47
\BOOKMARK [1][]{section.A.1}{\376\377\000A\000.\0001\000\040\000P\000h\000a\000s\000e\000\040\000p\000r\000i\000n\000t\000i\000n\000g}{appendix.A}% 48
\BOOKMARK [2][-]{subsection.A.1.1}{\376\377\000A\000.\0001\000.\0001\000\040\000S\000p\000a\000t\000i\000a\000l\000\040\000l\000i\000g\000h\000t\000\040\000m\000o\000d\000u\000l\000a\000t\000o\000r\000.}{section.A.1}% 49
\BOOKMARK [2][-]{subsection.A.1.2}{\376\377\000A\000.\0001\000.\0002\000\040\000P\000h\000a\000s\000e\000\040\000m\000e\000a\000s\000u\000r\000e\000m\000e\000n\000t}{section.A.1}% 50
\BOOKMARK [2][-]{subsection.A.1.3}{\376\377\000A\000.\0001\000.\0003\000\040\000O\000f\000f\000\040\000a\000x\000i\000s\000\040\000i\000n\000t\000e\000f\000e\000r\000o\000m\000e\000t\000r\000y}{section.A.1}% 51
\BOOKMARK [2][-]{subsection.A.1.4}{\376\377\000A\000.\0001\000.\0004\000\040\000C\000o\000n\000t\000r\000o\000l\000l\000i\000n\000g\000\040\000t\000h\000e\000\040\000l\000o\000c\000a\000l\000\040\000i\000n\000t\000e\000n\000s\000i\000t\000y}{section.A.1}% 52
\BOOKMARK [-1][]{section*.34}{\376\377\000B\000i\000b\000l\000i\000o\000g\000r\000a\000p\000h\000y}{}% 53
